<?xml version="1.0" encoding="UTF-8"?>
<testng-results skipped="0" failed="0" ignored="0" total="1" passed="1">
  <reporter-output>
  </reporter-output>
  <suite name="Default suite" duration-ms="47773" started-at="2020-07-16T06:00:08 IST" finished-at="2020-07-16T06:00:56 IST">
    <groups>
    </groups>
    <test name="Default test" duration-ms="47773" started-at="2020-07-16T06:00:08 IST" finished-at="2020-07-16T06:00:56 IST">
      <class name="Academy.HomePage">
        <test-method status="PASS" signature="initialize()[pri:0, instance:Academy.HomePage@fa49800]" name="initialize" is-config="true" duration-ms="4561" started-at="2020-07-16T06:00:08 IST" finished-at="2020-07-16T06:00:13 IST">
          <reporter-output>
          </reporter-output>
        </test-method> <!-- initialize -->
        <test-method status="PASS" signature="basePageNavigation()[pri:0, instance:Academy.HomePage@fa49800]" name="basePageNavigation" duration-ms="43144" started-at="2020-07-16T06:00:13 IST" finished-at="2020-07-16T06:00:56 IST">
          <reporter-output>
          </reporter-output>
        </test-method> <!-- basePageNavigation -->
      </class> <!-- Academy.HomePage -->
    </test> <!-- Default test -->
  </suite> <!-- Default suite -->
</testng-results>
